#
# There is insufficient memory for the Java Runtime Environment to continue.
# Native memory allocation (mmap) failed to map 130023424 bytes for G1 virtual space
# Possible reasons:
#   The system is out of physical RAM or swap space
#   The process is running with CompressedOops enabled, and the Java Heap may be blocking the growth of the native heap
# Possible solutions:
#   Reduce memory load on the system
#   Increase physical memory or swap space
#   Check if swap backing store is full
#   Decrease Java heap size (-Xmx/-Xms)
#   Decrease number of Java threads
#   Decrease Java thread stack sizes (-Xss)
#   Set larger code cache with -XX:ReservedCodeCacheSize=
#   JVM is running with Unscaled Compressed Oops mode in which the Java heap is
#     placed in the first 4GB address space. The Java Heap base address is the
#     maximum limit for the native heap growth. Please use -XX:HeapBaseMinAddress
#     to set the Java Heap base and to place the Java Heap above 4GB virtual address.
# This output file may be truncated or incomplete.
#
#  Out of Memory Error (os_windows.cpp:3548), pid=19048, tid=16140
#
# JRE version:  (17.0.12+8) (build )
# Java VM: Java HotSpot(TM) 64-Bit Server VM (17.0.12+8-LTS-286, mixed mode, sharing, tiered, compressed oops, compressed class ptrs, g1 gc, windows-amd64)
# No core dump will be written. Minidumps are not enabled by default on client versions of Windows
#

---------------  S U M M A R Y ------------

Command Line: -Dorg.gradle.appname=gradlew org.gradle.wrapper.GradleWrapperMain -I C:\Users\ASUS\AppData\Local\Temp\classpath17437265540642824678.gradle kotlinLSPProjectDeps --console=plain

Host: 11th Gen Intel(R) Core(TM) i5-1135G7 @ 2.40GHz, 8 cores, 7G,  Windows 11 , 64 bit Build 22000 (10.0.22000.2124)
Time: Wed Jun 25 09:53:50 2025 SE Asia Standard Time elapsed time: 0.021075 seconds (0d 0h 0m 0s)

---------------  T H R E A D  ---------------

Current thread (0x00000259848966b0):  JavaThread "Unknown thread" [_thread_in_vm, id=16140, stack(0x000000fa1f300000,0x000000fa1f400000)]

Stack: [0x000000fa1f300000,0x000000fa1f400000]
Native frames: (J=compiled Java code, j=interpreted, Vv=VM code, C=native code)
V  [jvm.dll+0x67a04a]
V  [jvm.dll+0x7da4ed]
V  [jvm.dll+0x7dbe33]
V  [jvm.dll+0x7dc4a3]
V  [jvm.dll+0x24508f]
V  [jvm.dll+0x677089]
V  [jvm.dll+0x66bd32]
V  [jvm.dll+0x301fa6]
V  [jvm.dll+0x309546]
V  [jvm.dll+0x359d2e]
V  [jvm.dll+0x359f5f]
V  [jvm.dll+0x2d9078]
V  [jvm.dll+0x2d9fe4]
V  [jvm.dll+0x7aca21]
V  [jvm.dll+0x367591]
V  [jvm.dll+0x78b999]
V  [jvm.dll+0x3ec83f]
V  [jvm.dll+0x3ee471]
C  [jli.dll+0x5297]
C  [ucrtbase.dll+0x26c0c]
C  [KERNEL32.DLL+0x155a0]
C  [ntdll.dll+0x485b]


---------------  P R O C E S S  ---------------

Threads class SMR info:
_java_thread_list=0x00007ffc8df07a18, length=0, elements={
}

Java Threads: ( => current thread )

Other Threads:
  0x00000259848efa30 GCTaskThread "GC Thread#0" [stack: 0x000000fa1f400000,0x000000fa1f500000] [id=11132]
  0x0000025984900160 ConcurrentGCThread "G1 Main Marker" [stack: 0x000000fa1f500000,0x000000fa1f600000] [id=11432]
  0x0000025984901a20 ConcurrentGCThread "G1 Conc#0" [stack: 0x000000fa1f600000,0x000000fa1f700000] [id=16316]

[error occurred during error reporting (printing all threads), id 0xc0000005, EXCEPTION_ACCESS_VIOLATION (0xc0000005) at pc=0x00007ffc8d739b67]

VM state: not at safepoint (not fully initialized)

VM Mutex/Monitor currently owned by a thread:  ([mutex/lock_event])
[0x00000259848917d0] Heap_lock - owner thread: 0x00000259848966b0

Heap address: 0x0000000084c00000, size: 1972 MB, Compressed Oops mode: 32-bit

CDS archive(s) mapped at: [0x0000000000000000-0x0000000000000000-0x0000000000000000), size 0, SharedBaseAddress: 0x0000000800000000, ArchiveRelocationMode: 1.
Narrow klass base: 0x0000000000000000, Narrow klass shift: 0, Narrow klass range: 0x0

GC Precious Log:
<Empty>

Heap:
 garbage-first heap   total 0K, used 0K [0x0000000084c00000, 0x0000000100000000)
  region size 1024K, 0 young (0K), 0 survivors (0K)

[error occurred during error reporting (printing heap information), id 0xc0000005, EXCEPTION_ACCESS_VIOLATION (0xc0000005) at pc=0x00007ffc8db23859]

GC Heap History (0 events):
No events

Deoptimization events (0 events):
No events

Classes unloaded (0 events):
No events

Classes redefined (0 events):
No events

Internal exceptions (0 events):
No events

VM Operations (0 events):
No events

Events (1 events):
Event: 0.005 Loaded shared library C:\Program Files\Java\jdk-17\bin\java.dll


Dynamic libraries:
0x00007ff7b9240000 - 0x00007ff7b9250000 	C:\Program Files\Java\jdk-17\bin\java.exe
0x00007ffd6dae0000 - 0x00007ffd6dce9000 	C:\WINDOWS\SYSTEM32\ntdll.dll
0x00007ffd6c290000 - 0x00007ffd6c34e000 	C:\WINDOWS\System32\KERNEL32.DLL
0x00007ffd6b5a0000 - 0x00007ffd6b924000 	C:\WINDOWS\System32\KERNELBASE.dll
0x00007ffd6b180000 - 0x00007ffd6b291000 	C:\WINDOWS\System32\ucrtbase.dll
0x00007ffd51c50000 - 0x00007ffd51c69000 	C:\Program Files\Java\jdk-17\bin\jli.dll
0x00007ffd505c0000 - 0x00007ffd505db000 	C:\Program Files\Java\jdk-17\bin\VCRUNTIME140.dll
0x00007ffd6d400000 - 0x00007ffd6d4af000 	C:\WINDOWS\System32\ADVAPI32.dll
0x00007ffd6cb70000 - 0x00007ffd6cc13000 	C:\WINDOWS\System32\msvcrt.dll
0x00007ffd6c990000 - 0x00007ffd6ca2e000 	C:\WINDOWS\System32\sechost.dll
0x00007ffd6ca40000 - 0x00007ffd6cb61000 	C:\WINDOWS\System32\RPCRT4.dll
0x00007ffd6c0e0000 - 0x00007ffd6c28d000 	C:\WINDOWS\System32\USER32.dll
0x00007ffd534b0000 - 0x00007ffd53755000 	C:\WINDOWS\WinSxS\amd64_microsoft.windows.common-controls_6595b64144ccf1df_6.0.22000.120_none_9d947278b86cc467\COMCTL32.dll
0x00007ffd6b150000 - 0x00007ffd6b176000 	C:\WINDOWS\System32\win32u.dll
0x00007ffd6bcb0000 - 0x00007ffd6bcda000 	C:\WINDOWS\System32\GDI32.dll
0x00007ffd6b2a0000 - 0x00007ffd6b3bf000 	C:\WINDOWS\System32\gdi32full.dll
0x00007ffd6b500000 - 0x00007ffd6b59d000 	C:\WINDOWS\System32\msvcp_win.dll
0x00007ffd60930000 - 0x00007ffd6093a000 	C:\WINDOWS\SYSTEM32\VERSION.dll
0x00007ffd6d4b0000 - 0x00007ffd6d4e1000 	C:\WINDOWS\System32\IMM32.DLL
0x00007ffd54900000 - 0x00007ffd5490c000 	C:\Program Files\Java\jdk-17\bin\vcruntime140_1.dll
0x00007ffd4ef00000 - 0x00007ffd4ef8e000 	C:\Program Files\Java\jdk-17\bin\msvcp140.dll
0x00007ffc8d450000 - 0x00007ffc8e030000 	C:\Program Files\Java\jdk-17\bin\server\jvm.dll
0x00007ffd6bdd0000 - 0x00007ffd6bdd8000 	C:\WINDOWS\System32\PSAPI.DLL
0x00007ffd2fb20000 - 0x00007ffd2fb29000 	C:\WINDOWS\SYSTEM32\WSOCK32.dll
0x00007ffd61ef0000 - 0x00007ffd61f23000 	C:\WINDOWS\SYSTEM32\WINMM.dll
0x00007ffd6bc40000 - 0x00007ffd6bcaf000 	C:\WINDOWS\System32\WS2_32.dll
0x00007ffd6a0d0000 - 0x00007ffd6a0e8000 	C:\WINDOWS\SYSTEM32\kernel.appcore.dll
0x00007ffd543c0000 - 0x00007ffd543ca000 	C:\Program Files\Java\jdk-17\bin\jimage.dll
0x00007ffd685a0000 - 0x00007ffd687c1000 	C:\WINDOWS\SYSTEM32\DBGHELP.DLL
0x00007ffd5e140000 - 0x00007ffd5e171000 	C:\WINDOWS\SYSTEM32\dbgcore.DLL
0x00007ffd6b480000 - 0x00007ffd6b4ff000 	C:\WINDOWS\System32\bcryptPrimitives.dll
0x00007ffd4f3d0000 - 0x00007ffd4f3f5000 	C:\Program Files\Java\jdk-17\bin\java.dll

dbghelp: loaded successfully - version: 4.0.5 - missing functions: none
symbol engine: initialized successfully - sym options: 0x614 - pdb path: .;C:\Program Files\Java\jdk-17\bin;C:\WINDOWS\SYSTEM32;C:\WINDOWS\WinSxS\amd64_microsoft.windows.common-controls_6595b64144ccf1df_6.0.22000.120_none_9d947278b86cc467;C:\Program Files\Java\jdk-17\bin\server

VM Arguments:
jvm_args: -Dorg.gradle.appname=gradlew 
java_command: org.gradle.wrapper.GradleWrapperMain -I C:\Users\ASUS\AppData\Local\Temp\classpath17437265540642824678.gradle kotlinLSPProjectDeps --console=plain
java_class_path (initial): d:\Institut Teknologi Del\Semester 8\Tugas Akhir\App with API\KuBatak\\gradle\wrapper\gradle-wrapper.jar
Launcher Type: SUN_STANDARD

[Global flags]
     intx CICompilerCount                          = 4                                         {product} {ergonomic}
     uint ConcGCThreads                            = 2                                         {product} {ergonomic}
     uint G1ConcRefinementThreads                  = 8                                         {product} {ergonomic}
   size_t G1HeapRegionSize                         = 1048576                                   {product} {ergonomic}
    uintx GCDrainStackTargetSize                   = 64                                        {product} {ergonomic}
   size_t InitialHeapSize                          = 130023424                                 {product} {ergonomic}
   size_t MarkStackSize                            = 4194304                                   {product} {ergonomic}
   size_t MaxHeapSize                              = 2067791872                                {product} {ergonomic}
   size_t MinHeapDeltaBytes                        = 1048576                                   {product} {ergonomic}
   size_t MinHeapSize                              = 8388608                                   {product} {ergonomic}
    uintx NonNMethodCodeHeapSize                   = 5839372                                {pd product} {ergonomic}
    uintx NonProfiledCodeHeapSize                  = 122909434                              {pd product} {ergonomic}
    uintx ProfiledCodeHeapSize                     = 122909434                              {pd product} {ergonomic}
    uintx ReservedCodeCacheSize                    = 251658240                              {pd product} {ergonomic}
     bool SegmentedCodeCache                       = true                                      {product} {ergonomic}
   size_t SoftMaxHeapSize                          = 2067791872                             {manageable} {ergonomic}
     bool UseCompressedClassPointers               = true                           {product lp64_product} {ergonomic}
     bool UseCompressedOops                        = true                           {product lp64_product} {ergonomic}
     bool UseG1GC                                  = true                                      {product} {ergonomic}
     bool UseLargePagesIndividualAllocation        = false                                  {pd product} {ergonomic}

Logging:
Log output configuration:
 #0: stdout all=warning uptime,level,tags
 #1: stderr all=off uptime,level,tags

Environment Variables:
JAVA_HOME=C:\Program Files\Java\jdk-17
CLASSPATH=d:\Institut Teknologi Del\Semester 8\Tugas Akhir\App with API\KuBatak\\gradle\wrapper\gradle-wrapper.jar
PATH=C:\Program Files\Java\jdk-17\bin;C:\Program Files\Common Files\Oracle\Java\javapath;C:\Python312\Scripts\;C:\Python312\;C:\Python310\Scripts\;C:\Python310\;C:\Windows\system32;C:\Windows;C:\Windows\System32\Wbem;C:\Windows\System32\WindowsPowerShell\v1.0\;C:\Windows\System32\OpenSSH\;C:\Program Files (x86)\NVIDIA Corporation\PhysX\Common;C:\Program Files\NVIDIA Corporation\NVIDIA NvDLISR;C:\Program Files (x86)\Dev-Cpp\MinGW64\bin;C:\MinGW\bin;C:\WINDOWS\system32;C:\WINDOWS;C:\WINDOWS\System32\Wbem;C:\WINDOWS\System32\WindowsPowerShell\v1.0\;C:\WINDOWS\System32\OpenSSH\;C:\ProgramData\chocolatey\bin;C:\xampp\php;C:\ProgramData\ComposerSetup\bin;C:\Program Files\Microsoft SQL Server\120\DTS\Binn\;C:\Program Files\Microsoft SQL Server\Client SDK\ODBC\110\Tools\Binn\;C:\Program Files (x86)\Microsoft SQL Server\120\Tools\Binn\;C:\Program Files\Microsoft SQL Server\120\Tools\Binn\;C:\Program Files (x86)\Microsoft SQL Server\120\Tools\Binn\ManagementStudio\;C:\Program Files (x86)\Microsoft SQL Server\120\DTS\Binn\;D:\Download\bin;D:\Go\bin;D:\xampp\mysql\bin;D:\xampp\php;C:\Program Files\Java\jdk-17\bin;C:\Program Files\Git\cmd;C:\Users\ASUS\AppData\Roaming\nvm;C:\Program Files\nodejs;D:\Apps\Sdk;D:\Apps\Sdk\platform-tools;D:\Apps\Sdk\build-tools\34.0.0;D:\Apps\Sdk\tools\bin;D:\Apps\Android Studio\bin;C:\Program Files\Docker\Docker\resources\bin;C:\ProgramData\DockerDesktop\version-bin;D:\PostgreSQL-new\bin;C:\Users\ASUS\scoop\shims;C:\Users\ASUS\AppData\Local\Programs\Python\Python311\Scripts\;C:\Users\ASUS\AppData\Local\Programs\Python\Python311\;D:\Anaconda;D:\Anaconda\Library\mingw-w64\bin;D:\Anaconda\Library\usr\bin;D:\Anaconda\Library\bin;D:\Anaconda\Scripts;C:\Users\ASUS\AppData\Local\Microsoft\WindowsApps;C:\Users\ASUS\AppData\Local\Programs\Microsoft VS Code\bin;C:\Users\ASUS\AppData\Roaming\Composer\vendor\bin;D:\gradle-8.2\bin;D:\Download\IntelliJ IDEA Community Edition 2022.3.1\bin;;C:\Users\ASUS\go\bin;C:\Program Files\Java\jdk-17\bin;C:\Program Files\Java\j
USERNAME=ASUS
OS=Windows_NT
PROCESSOR_IDENTIFIER=Intel64 Family 6 Model 140 Stepping 1, GenuineIntel



---------------  S Y S T E M  ---------------

OS:
 Windows 11 , 64 bit Build 22000 (10.0.22000.2124)
OS uptime: 0 days 0:49 hours

CPU: total 8 (initial active 8) (4 cores per cpu, 2 threads per core) family 6 model 140 stepping 1 microcode 0x86, cx8, cmov, fxsr, ht, mmx, 3dnowpref, sse, sse2, sse3, ssse3, sse4.1, sse4.2, popcnt, lzcnt, tsc, tscinvbit, avx, avx2, aes, erms, clmul, bmi1, bmi2, adx, avx512f, avx512dq, avx512cd, avx512bw, avx512vl, sha, fma, vzeroupper, avx512_vpopcntdq, avx512_vpclmulqdq, avx512_vaes, avx512_vnni, clflush, clflushopt, clwb, avx512_vbmi2, avx512_vbmi

Memory: 4k page, system-wide physical 7886M (314M free)
TotalPageFile size 16290M (AvailPageFile size 112M)
current process WorkingSet (physical memory assigned to process): 10M, peak: 10M
current process commit charge ("private bytes"): 60M, peak: 184M

vm_info: Java HotSpot(TM) 64-Bit Server VM (17.0.12+8-LTS-286) for windows-amd64 JRE (17.0.12+8-LTS-286), built on Jun  5 2024 06:46:59 by "mach5one" with MS VC++ 17.6 (VS2022)

END.
